<?xml version="1.0" encoding="UTF-8"?>
<testng-results ignored="0" total="2" passed="2" failed="0" skipped="0">
  <reporter-output>
  </reporter-output>
  <suite started-at="2022-11-03T16:20:19 EET" name="Default suite" finished-at="2022-11-03T16:20:19 EET" duration-ms="36">
    <groups>
    </groups>
    <test started-at="2022-11-03T16:20:19 EET" name="Default test" finished-at="2022-11-03T16:20:19 EET" duration-ms="36">
      <class name="uiNG.LoginTest">
        <test-method signature="loginTest()[pri:1, instance:uiNG.LoginTest@130161f7]" started-at="2022-11-03T16:20:19 EET" name="loginTest" description="User can login" finished-at="2022-11-03T16:20:19 EET" duration-ms="5" status="PASS">
          <reporter-output>
          </reporter-output>
        </test-method> <!-- loginTest -->
        <test-method signature="logoutTest()[pri:2, instance:uiNG.LoginTest@130161f7]" started-at="2022-11-03T16:20:19 EET" name="logoutTest" description="User can logout" finished-at="2022-11-03T16:20:19 EET" duration-ms="0" status="PASS">
          <reporter-output>
          </reporter-output>
        </test-method> <!-- logoutTest -->
      </class> <!-- uiNG.LoginTest -->
    </test> <!-- Default test -->
  </suite> <!-- Default suite -->
</testng-results>
